2018-03-21 00:13:37,691 DEBUG (BaseJdbcLogger.java:145)- ==>  Preparing: select d_location from dept group by d_location 
2018-03-21 00:13:37,696 DEBUG (BaseJdbcLogger.java:145)- ==> Parameters: 
2018-03-21 00:13:37,698 DEBUG (BaseJdbcLogger.java:145)- <==      Total: 3
2018-03-21 00:13:37,700 DEBUG (BaseJdbcLogger.java:145)- ==>  Preparing: SELECT e_id,e_portrait,e_name,e_pwd,e_uname,e_birthday,e_level,e_six,e_wages,e_hobby,e_deptId FROM emp 
2018-03-21 00:13:37,701 DEBUG (BaseJdbcLogger.java:145)- ==> Parameters: 
2018-03-21 00:13:37,703 DEBUG (BaseJdbcLogger.java:145)- <==      Total: 4
2018-03-21 00:13:37,706 DEBUG (BaseJdbcLogger.java:145)- ==>  Preparing: SELECT count(0) FROM emp LEFT JOIN dept ON emp.e_deptId = dept.d_id 
2018-03-21 00:13:37,707 DEBUG (BaseJdbcLogger.java:145)- ==> Parameters: 
2018-03-21 00:13:37,708 DEBUG (BaseJdbcLogger.java:145)- <==      Total: 1
2018-03-21 00:13:37,709 DEBUG (BaseJdbcLogger.java:145)- ==>  Preparing: select emp.e_id, emp.e_portrait, emp.e_name, emp.e_pwd, emp.e_uname, emp.e_birthday, emp.e_level, emp.e_six, emp.e_wages, emp.e_hobby, emp.e_deptId, dept.d_name, dept.d_location from emp left join dept on emp.e_deptId = dept.d_id limit ?,? 
2018-03-21 00:13:37,710 DEBUG (BaseJdbcLogger.java:145)- ==> Parameters: 0(Integer), 5(Integer)
2018-03-21 00:13:37,712 DEBUG (BaseJdbcLogger.java:145)- <==      Total: 4
2018-03-21 00:13:38,294 DEBUG (BaseJdbcLogger.java:145)- ==>  Preparing: select d_location from dept group by d_location 
2018-03-21 00:13:38,295 DEBUG (BaseJdbcLogger.java:145)- ==> Parameters: 
2018-03-21 00:13:38,296 DEBUG (BaseJdbcLogger.java:145)- <==      Total: 3
2018-03-21 00:13:38,296 DEBUG (BaseJdbcLogger.java:145)- ==>  Preparing: SELECT e_id,e_portrait,e_name,e_pwd,e_uname,e_birthday,e_level,e_six,e_wages,e_hobby,e_deptId FROM emp 
2018-03-21 00:13:38,297 DEBUG (BaseJdbcLogger.java:145)- ==> Parameters: 
2018-03-21 00:13:38,298 DEBUG (BaseJdbcLogger.java:145)- <==      Total: 4
2018-03-21 00:13:38,299 DEBUG (BaseJdbcLogger.java:145)- ==>  Preparing: SELECT count(0) FROM emp LEFT JOIN dept ON emp.e_deptId = dept.d_id 
2018-03-21 00:13:38,299 DEBUG (BaseJdbcLogger.java:145)- ==> Parameters: 
2018-03-21 00:13:38,300 DEBUG (BaseJdbcLogger.java:145)- <==      Total: 1
2018-03-21 00:13:38,301 DEBUG (BaseJdbcLogger.java:145)- ==>  Preparing: select emp.e_id, emp.e_portrait, emp.e_name, emp.e_pwd, emp.e_uname, emp.e_birthday, emp.e_level, emp.e_six, emp.e_wages, emp.e_hobby, emp.e_deptId, dept.d_name, dept.d_location from emp left join dept on emp.e_deptId = dept.d_id limit ?,? 
2018-03-21 00:13:38,302 DEBUG (BaseJdbcLogger.java:145)- ==> Parameters: 0(Integer), 5(Integer)
